0 info it worked if it ends with ok
1 verbose cli [ '/usr/local/bin/node', '/usr/local/bin/npm', 'start' ]
2 info using npm@3.3.6
3 info using node@v5.0.0
4 verbose run-script [ 'prestart', 'start', 'poststart' ]
5 info lifecycle car-stack@0.0.0~prestart: car-stack@0.0.0
6 verbose lifecycle car-stack@0.0.0~prestart: unsafe-perm in lifecycle true
7 verbose lifecycle car-stack@0.0.0~prestart: PATH: /usr/local/lib/node_modules/npm/bin/node-gyp-bin:/Users/edgar971/dev/labs/car-stack/node_modules/.bin:/Users/edgar971/.dnx/runtimes/dnx-mono.1.0.0-rc1-final/bin:/Users/edgar971/.dnx/bin:/Users/edgar971/.rvm/gems/ruby-2.0.0-p643/bin:/Users/edgar971/.rvm/gems/ruby-2.0.0-p643@global/bin:/Users/edgar971/.rvm/rubies/ruby-2.0.0-p643/bin:/Applications/MAMP/bin/php/php5.3.6/bin:/usr/local/bin:/Library/Java/JavaVirtualMachines/jdk1.8.0_45.jdk/Contents/Home/bin:/usr/local/bin:/usr/bin:/bin:/usr/local/bin/phantomjs:/usr/sbin:/sbin:~/.composer/vendor/bin:/opt/X11/bin:/opt/ImageMagick/bin:/Applications/Android Studio.app/sdk/platform-tools:/Applications/Android Studio.app/sdk/tools:/Users/edgar971/.rvm/bin
8 verbose lifecycle car-stack@0.0.0~prestart: CWD: /Users/edgar971/dev/labs/car-stack
9 silly lifecycle car-stack@0.0.0~prestart: Args: [ '-c', 'webpack' ]
10 silly lifecycle car-stack@0.0.0~prestart: Returned: code: 0  signal: null
11 info lifecycle car-stack@0.0.0~start: car-stack@0.0.0
12 verbose lifecycle car-stack@0.0.0~start: unsafe-perm in lifecycle true
13 verbose lifecycle car-stack@0.0.0~start: PATH: /usr/local/lib/node_modules/npm/bin/node-gyp-bin:/Users/edgar971/dev/labs/car-stack/node_modules/.bin:/Users/edgar971/.dnx/runtimes/dnx-mono.1.0.0-rc1-final/bin:/Users/edgar971/.dnx/bin:/Users/edgar971/.rvm/gems/ruby-2.0.0-p643/bin:/Users/edgar971/.rvm/gems/ruby-2.0.0-p643@global/bin:/Users/edgar971/.rvm/rubies/ruby-2.0.0-p643/bin:/Applications/MAMP/bin/php/php5.3.6/bin:/usr/local/bin:/Library/Java/JavaVirtualMachines/jdk1.8.0_45.jdk/Contents/Home/bin:/usr/local/bin:/usr/bin:/bin:/usr/local/bin/phantomjs:/usr/sbin:/sbin:~/.composer/vendor/bin:/opt/X11/bin:/opt/ImageMagick/bin:/Applications/Android Studio.app/sdk/platform-tools:/Applications/Android Studio.app/sdk/tools:/Users/edgar971/.rvm/bin
14 verbose lifecycle car-stack@0.0.0~start: CWD: /Users/edgar971/dev/labs/car-stack
15 silly lifecycle car-stack@0.0.0~start: Args: [ '-c', 'node ./bin/www' ]
16 silly lifecycle car-stack@0.0.0~start: Returned: code: 1  signal: null
17 info lifecycle car-stack@0.0.0~start: Failed to exec start script
18 verbose stack Error: car-stack@0.0.0 start: `node ./bin/www`
18 verbose stack Exit status 1
18 verbose stack     at EventEmitter.<anonymous> (/usr/local/lib/node_modules/npm/lib/utils/lifecycle.js:233:16)
18 verbose stack     at emitTwo (events.js:87:13)
18 verbose stack     at EventEmitter.emit (events.js:172:7)
18 verbose stack     at ChildProcess.<anonymous> (/usr/local/lib/node_modules/npm/lib/utils/spawn.js:24:14)
18 verbose stack     at emitTwo (events.js:87:13)
18 verbose stack     at ChildProcess.emit (events.js:172:7)
18 verbose stack     at maybeClose (internal/child_process.js:818:16)
18 verbose stack     at Process.ChildProcess._handle.onexit (internal/child_process.js:211:5)
19 verbose pkgid car-stack@0.0.0
20 verbose cwd /Users/edgar971/dev/labs/car-stack
21 error Darwin 15.5.0
22 error argv "/usr/local/bin/node" "/usr/local/bin/npm" "start"
23 error node v5.0.0
24 error npm  v3.3.6
25 error code ELIFECYCLE
26 error car-stack@0.0.0 start: `node ./bin/www`
26 error Exit status 1
27 error Failed at the car-stack@0.0.0 start script 'node ./bin/www'.
27 error This is most likely a problem with the car-stack package,
27 error not with npm itself.
27 error Tell the author that this fails on your system:
27 error     node ./bin/www
27 error You can get their info via:
27 error     npm owner ls car-stack
27 error There is likely additional logging output above.
28 verbose exit [ 1, true ]
